[0.027s] Invoking command in '/home/dfg/Documents/town_ws/build/village_interfaces': CMAKE_PREFIX_PATH=/opt/ros/foxy /usr/bin/cmake /home/dfg/Documents/town_ws/src/village_interfaces -DCMAKE_INSTALL_PREFIX=/home/dfg/Documents/town_ws/install/village_interfaces
[0.092s] -- The C compiler identification is GNU 9.4.0
[0.146s] -- The CXX compiler identification is GNU 9.4.0
[0.155s] -- Detecting C compiler ABI info
[0.204s] -- Detecting C compiler ABI info - done
[0.209s] -- Check for working C compiler: /usr/bin/cc - skipped
[0.210s] -- Detecting C compile features
[0.210s] -- Detecting C compile features - done
[0.213s] -- Detecting CXX compiler ABI info
[0.272s] -- Detecting CXX compiler ABI info - done
[0.278s] -- Check for working CXX compiler: /usr/bin/c++ - skipped
[0.279s] -- Detecting CXX compile features
[0.279s] -- Detecting CXX compile features - done
[0.281s] -- Found ament_cmake: 0.9.11 (/opt/ros/foxy/share/ament_cmake/cmake)
[0.299s] -- Found PythonInterp: /usr/bin/python3 (found suitable version "3.8.10", minimum required is "3") 
[0.299s] -- Using PYTHON_EXECUTABLE: /usr/bin/python3
[0.451s] -- Found ament_lint_auto: 0.9.8 (/opt/ros/foxy/share/ament_lint_auto/cmake)
[0.522s] -- Found sensor_msgs: 2.0.5 (/opt/ros/foxy/share/sensor_msgs/cmake)
[0.543s] -- Using all available rosidl_typesupport_c: rosidl_typesupport_fastrtps_c;rosidl_typesupport_introspection_c
[0.547s] -- Found rosidl_adapter: 1.3.0 (/opt/ros/foxy/share/rosidl_adapter/cmake)
[0.621s] -- Found OpenSSL: /usr/lib/x86_64-linux-gnu/libcrypto.so (found version "1.1.1f")  
[0.644s] -- Found FastRTPS: /opt/ros/foxy/include  
[0.732s] -- Using all available rosidl_typesupport_cpp: rosidl_typesupport_fastrtps_cpp;rosidl_typesupport_introspection_cpp
[0.834s] -- Found rosidl_default_generators: 1.0.1 (/opt/ros/foxy/share/rosidl_default_generators/cmake)
[0.859s] -- Found PythonInterp: /usr/bin/python3 (found version "3.8.10") 
[0.960s] -- Found ament_cmake_ros: 0.9.2 (/opt/ros/foxy/share/ament_cmake_ros/cmake)
[1.193s] -- Using all available rosidl_typesupport_c: rosidl_typesupport_fastrtps_c;rosidl_typesupport_introspection_c
[1.288s] -- Using all available rosidl_typesupport_cpp: rosidl_typesupport_fastrtps_cpp;rosidl_typesupport_introspection_cpp
[1.309s] -- Found PythonInterp: /usr/bin/python3 (found suitable version "3.8.10", minimum required is "3.5") 
[1.310s] -- Found python_cmake_module: 0.8.1 (/opt/ros/foxy/share/python_cmake_module/cmake)
[1.331s] -- Found PythonLibs: /usr/lib/x86_64-linux-gnu/libpython3.8.so (found suitable version "3.8.10", minimum required is "3.5") 
[1.332s] -- Using PYTHON_EXECUTABLE: /usr/bin/python3
[1.332s] -- Using PYTHON_INCLUDE_DIRS: /usr/include/python3.8
[1.332s] -- Using PYTHON_LIBRARIES: /usr/lib/x86_64-linux-gnu/libpython3.8.so
[1.352s] -- Found PythonExtra: .so  
[1.425s] -- Added test 'copyright' to check source files copyright and LICENSE
[1.427s] -- Added test 'lint_cmake' to check CMake code style
[1.428s] -- Added test 'xmllint' to check XML markup files
[1.433s] -- Configuring done
[1.479s] -- Generating done
[1.482s] -- Build files have been written to: /home/dfg/Documents/town_ws/build/village_interfaces
[1.493s] Invoked command in '/home/dfg/Documents/town_ws/build/village_interfaces' returned '0': CMAKE_PREFIX_PATH=/opt/ros/foxy /usr/bin/cmake /home/dfg/Documents/town_ws/src/village_interfaces -DCMAKE_INSTALL_PREFIX=/home/dfg/Documents/town_ws/install/village_interfaces
[1.496s] Invoking command in '/home/dfg/Documents/town_ws/build/village_interfaces': CMAKE_PREFIX_PATH=/opt/ros/foxy /usr/bin/cmake --build /home/dfg/Documents/town_ws/build/village_interfaces -- -j8 -l8
[1.518s] [  2%] [34m[1mGenerating C code for ROS interfaces[0m
[1.523s] [  4%] [34m[1mGenerating C++ code for ROS interfaces[0m
[1.898s] [  4%] Built target village_interfaces__cpp
[1.904s] [  6%] [34m[1mGenerating C++ type support dispatch for ROS interfaces[0m
[1.906s] [  8%] [34m[1mGenerating C++ introspection for ROS interfaces[0m
[1.908s] [ 10%] [34m[1mGenerating C++ type support for eProsima Fast-RTPS[0m
[1.950s] [ 12%] [32mBuilding C object CMakeFiles/village_interfaces__rosidl_generator_c.dir/rosidl_generator_c/village_interfaces/msg/detail/novel__functions.c.o[0m
[1.950s] [ 14%] [32mBuilding C object CMakeFiles/village_interfaces__rosidl_generator_c.dir/rosidl_generator_c/village_interfaces/srv/detail/borrow_money__functions.c.o[0m
[1.951s] [ 17%] [32mBuilding C object CMakeFiles/village_interfaces__rosidl_generator_c.dir/rosidl_generator_c/village_interfaces/srv/detail/sell_novel__functions.c.o[0m
[2.046s] [ 19%] [32m[1mLinking C shared library libvillage_interfaces__rosidl_generator_c.so[0m
[2.085s] [ 19%] Built target village_interfaces__rosidl_generator_c
[2.093s] [ 21%] [34m[1mGenerating C type support dispatch for ROS interfaces[0m
[2.095s] [ 23%] [34m[1mGenerating C introspection for ROS interfaces[0m
[2.218s] [ 25%] [32mBuilding CXX object CMakeFiles/village_interfaces__rosidl_typesupport_cpp.dir/rosidl_typesupport_cpp/village_interfaces/srv/borrow_money__type_support.cpp.o[0m
[2.219s] [ 27%] [32mBuilding CXX object CMakeFiles/village_interfaces__rosidl_typesupport_cpp.dir/rosidl_typesupport_cpp/village_interfaces/srv/sell_novel__type_support.cpp.o[0m
[2.225s] [ 29%] [32mBuilding CXX object CMakeFiles/village_interfaces__rosidl_typesupport_cpp.dir/rosidl_typesupport_cpp/village_interfaces/msg/novel__type_support.cpp.o[0m
[2.309s] [ 31%] [32mBuilding CXX object CMakeFiles/village_interfaces__rosidl_typesupport_introspection_cpp.dir/rosidl_typesupport_introspection_cpp/village_interfaces/msg/detail/novel__type_support.cpp.o[0m
[2.345s] [ 34%] [32mBuilding CXX object CMakeFiles/village_interfaces__rosidl_typesupport_introspection_cpp.dir/rosidl_typesupport_introspection_cpp/village_interfaces/srv/detail/borrow_money__type_support.cpp.o[0m
[2.441s] [ 36%] [32mBuilding CXX object CMakeFiles/village_interfaces__rosidl_typesupport_fastrtps_cpp.dir/rosidl_typesupport_fastrtps_cpp/village_interfaces/msg/detail/dds_fastrtps/novel__type_support.cpp.o[0m
[2.493s] [ 38%] [32mBuilding CXX object CMakeFiles/village_interfaces__rosidl_typesupport_c.dir/rosidl_typesupport_c/village_interfaces/msg/novel__type_support.cpp.o[0m
[2.595s] [ 42%] [32mBuilding CXX object CMakeFiles/village_interfaces__rosidl_typesupport_c.dir/rosidl_typesupport_c/village_interfaces/srv/borrow_money__type_support.cpp.o[0m
[2.595s] [ 42%] [32mBuilding C object CMakeFiles/village_interfaces__rosidl_typesupport_introspection_c.dir/rosidl_typesupport_introspection_c/village_interfaces/msg/detail/novel__type_support.c.o[0m
[2.697s] [ 44%] [32mBuilding CXX object CMakeFiles/village_interfaces__rosidl_typesupport_c.dir/rosidl_typesupport_c/village_interfaces/srv/sell_novel__type_support.cpp.o[0m
[2.718s] [ 46%] [32mBuilding C object CMakeFiles/village_interfaces__rosidl_typesupport_introspection_c.dir/rosidl_typesupport_introspection_c/village_interfaces/srv/detail/borrow_money__type_support.c.o[0m
[2.719s] [ 48%] [32mBuilding C object CMakeFiles/village_interfaces__rosidl_typesupport_introspection_c.dir/rosidl_typesupport_introspection_c/village_interfaces/srv/detail/sell_novel__type_support.c.o[0m
[2.740s] [ 51%] [32mBuilding CXX object CMakeFiles/village_interfaces__rosidl_typesupport_fastrtps_cpp.dir/rosidl_typesupport_fastrtps_cpp/village_interfaces/srv/detail/dds_fastrtps/borrow_money__type_support.cpp.o[0m
[2.769s] [ 53%] [32m[1mLinking CXX shared library libvillage_interfaces__rosidl_typesupport_c.so[0m
[2.783s] [ 55%] [32mBuilding CXX object CMakeFiles/village_interfaces__rosidl_typesupport_fastrtps_cpp.dir/rosidl_typesupport_fastrtps_cpp/village_interfaces/srv/detail/dds_fastrtps/sell_novel__type_support.cpp.o[0m
[2.789s] [ 57%] [32m[1mLinking CXX shared library libvillage_interfaces__rosidl_typesupport_cpp.so[0m
[2.886s] [ 57%] Built target village_interfaces__rosidl_typesupport_c
[2.901s] [ 59%] [32mBuilding CXX object CMakeFiles/village_interfaces__rosidl_typesupport_introspection_cpp.dir/rosidl_typesupport_introspection_cpp/village_interfaces/srv/detail/sell_novel__type_support.cpp.o[0m
[2.909s] [ 61%] [32m[1mLinking C shared library libvillage_interfaces__rosidl_typesupport_introspection_c.so[0m
[2.909s] [ 61%] Built target village_interfaces__rosidl_typesupport_cpp
[2.956s] [ 61%] Built target village_interfaces__rosidl_typesupport_introspection_c
[3.340s] [ 63%] [32m[1mLinking CXX shared library libvillage_interfaces__rosidl_typesupport_introspection_cpp.so[0m
[3.386s] [ 65%] [32m[1mLinking CXX shared library libvillage_interfaces__rosidl_typesupport_fastrtps_cpp.so[0m
[3.413s] [ 65%] Built target village_interfaces__rosidl_typesupport_introspection_cpp
[3.461s] [ 65%] Built target village_interfaces__rosidl_typesupport_fastrtps_cpp
[3.467s] [ 68%] [34m[1mGenerating C type support for eProsima Fast-RTPS[0m
[3.751s] [ 72%] [32mBuilding CXX object CMakeFiles/village_interfaces__rosidl_typesupport_fastrtps_c.dir/rosidl_typesupport_fastrtps_c/village_interfaces/srv/detail/sell_novel__type_support_c.cpp.o[0m
[3.751s] [ 72%] [32mBuilding CXX object CMakeFiles/village_interfaces__rosidl_typesupport_fastrtps_c.dir/rosidl_typesupport_fastrtps_c/village_interfaces/srv/detail/borrow_money__type_support_c.cpp.o[0m
[3.751s] [ 74%] [32mBuilding CXX object CMakeFiles/village_interfaces__rosidl_typesupport_fastrtps_c.dir/rosidl_typesupport_fastrtps_c/village_interfaces/msg/detail/novel__type_support_c.cpp.o[0m
[4.236s] [ 76%] [32m[1mLinking CXX shared library libvillage_interfaces__rosidl_typesupport_fastrtps_c.so[0m
[4.329s] [ 76%] Built target village_interfaces__rosidl_typesupport_fastrtps_c
[4.339s] [ 76%] Built target village_interfaces
[4.349s] [ 78%] [34m[1mGenerating Python code for ROS interfaces[0m
[4.880s] [ 78%] Built target village_interfaces__py
[4.891s] [ 82%] [32mBuilding C object CMakeFiles/village_interfaces__python.dir/rosidl_generator_py/village_interfaces/msg/_novel_s.c.o[0m
[4.891s] [ 82%] [32mBuilding C object CMakeFiles/village_interfaces__python.dir/rosidl_generator_py/village_interfaces/srv/_borrow_money_s.c.o[0m
[4.891s] [ 85%] [32mBuilding C object CMakeFiles/village_interfaces__python.dir/rosidl_generator_py/village_interfaces/srv/_sell_novel_s.c.o[0m
[4.997s] [ 87%] [32m[1mLinking C shared library rosidl_generator_py/village_interfaces/libvillage_interfaces__python.so[0m
[5.044s] [ 87%] Built target village_interfaces__python
[5.055s] [ 89%] [32mBuilding C object CMakeFiles/village_interfaces__rosidl_typesupport_c__pyext.dir/rosidl_generator_py/village_interfaces/_village_interfaces_s.ep.rosidl_typesupport_c.c.o[0m
[5.059s] [ 91%] [32mBuilding C object CMakeFiles/village_interfaces__rosidl_typesupport_introspection_c__pyext.dir/rosidl_generator_py/village_interfaces/_village_interfaces_s.ep.rosidl_typesupport_introspection_c.c.o[0m
[5.059s] [ 93%] [32mBuilding C object CMakeFiles/village_interfaces__rosidl_typesupport_fastrtps_c__pyext.dir/rosidl_generator_py/village_interfaces/_village_interfaces_s.ep.rosidl_typesupport_fastrtps_c.c.o[0m
[5.137s] [ 95%] [32m[1mLinking C shared library rosidl_generator_py/village_interfaces/village_interfaces_s__rosidl_typesupport_introspection_c.cpython-38-x86_64-linux-gnu.so[0m
[5.147s] [ 97%] [32m[1mLinking CXX shared library rosidl_generator_py/village_interfaces/village_interfaces_s__rosidl_typesupport_fastrtps_c.cpython-38-x86_64-linux-gnu.so[0m
[5.153s] [100%] [32m[1mLinking C shared library rosidl_generator_py/village_interfaces/village_interfaces_s__rosidl_typesupport_c.cpython-38-x86_64-linux-gnu.so[0m
[5.168s] [100%] Built target village_interfaces__rosidl_typesupport_introspection_c__pyext
[5.184s] [100%] Built target village_interfaces__rosidl_typesupport_c__pyext
[5.199s] [100%] Built target village_interfaces__rosidl_typesupport_fastrtps_c__pyext
[5.205s] Invoked command in '/home/dfg/Documents/town_ws/build/village_interfaces' returned '0': CMAKE_PREFIX_PATH=/opt/ros/foxy /usr/bin/cmake --build /home/dfg/Documents/town_ws/build/village_interfaces -- -j8 -l8
[5.294s] Invoking command in '/home/dfg/Documents/town_ws/build/village_interfaces': CMAKE_PREFIX_PATH=/opt/ros/foxy /usr/bin/cmake --install /home/dfg/Documents/town_ws/build/village_interfaces
[5.298s] -- Install configuration: ""
[5.299s] -- Installing: /home/dfg/Documents/town_ws/install/village_interfaces/share/ament_index/resource_index/rosidl_interfaces/village_interfaces
[5.299s] -- Installing: /home/dfg/Documents/town_ws/install/village_interfaces/include/village_interfaces
[5.299s] -- Installing: /home/dfg/Documents/town_ws/install/village_interfaces/include/village_interfaces/srv
[5.299s] -- Installing: /home/dfg/Documents/town_ws/install/village_interfaces/include/village_interfaces/srv/sell_novel.h
[5.299s] -- Installing: /home/dfg/Documents/town_ws/install/village_interfaces/include/village_interfaces/srv/borrow_money.h
[5.299s] -- Installing: /home/dfg/Documents/town_ws/install/village_interfaces/include/village_interfaces/srv/detail
[5.300s] -- Installing: /home/dfg/Documents/town_ws/install/village_interfaces/include/village_interfaces/srv/detail/borrow_money__functions.h
[5.300s] -- Installing: /home/dfg/Documents/town_ws/install/village_interfaces/include/village_interfaces/srv/detail/borrow_money__functions.c
[5.300s] -- Installing: /home/dfg/Documents/town_ws/install/village_interfaces/include/village_interfaces/srv/detail/sell_novel__functions.h
[5.300s] -- Installing: /home/dfg/Documents/town_ws/install/village_interfaces/include/village_interfaces/srv/detail/sell_novel__type_support.h
[5.300s] -- Installing: /home/dfg/Documents/town_ws/install/village_interfaces/include/village_interfaces/srv/detail/sell_novel__struct.h
[5.300s] -- Installing: /home/dfg/Documents/town_ws/install/village_interfaces/include/village_interfaces/srv/detail/borrow_money__struct.h
[5.300s] -- Installing: /home/dfg/Documents/town_ws/install/village_interfaces/include/village_interfaces/srv/detail/borrow_money__type_support.h
[5.300s] -- Installing: /home/dfg/Documents/town_ws/install/village_interfaces/include/village_interfaces/srv/detail/sell_novel__functions.c
[5.300s] -- Installing: /home/dfg/Documents/town_ws/install/village_interfaces/include/village_interfaces/msg
[5.301s] -- Installing: /home/dfg/Documents/town_ws/install/village_interfaces/include/village_interfaces/msg/novel.h
[5.301s] -- Installing: /home/dfg/Documents/town_ws/install/village_interfaces/include/village_interfaces/msg/rosidl_generator_c__visibility_control.h
[5.301s] -- Installing: /home/dfg/Documents/town_ws/install/village_interfaces/include/village_interfaces/msg/detail
[5.301s] -- Installing: /home/dfg/Documents/town_ws/install/village_interfaces/include/village_interfaces/msg/detail/novel__struct.h
[5.301s] -- Installing: /home/dfg/Documents/town_ws/install/village_interfaces/include/village_interfaces/msg/detail/novel__type_support.h
[5.302s] -- Installing: /home/dfg/Documents/town_ws/install/village_interfaces/include/village_interfaces/msg/detail/novel__functions.c
[5.302s] -- Installing: /home/dfg/Documents/town_ws/install/village_interfaces/include/village_interfaces/msg/detail/novel__functions.h
[5.302s] -- Installing: /home/dfg/Documents/town_ws/install/village_interfaces/share/village_interfaces/environment/library_path.sh
[5.302s] -- Installing: /home/dfg/Documents/town_ws/install/village_interfaces/share/village_interfaces/environment/library_path.dsv
[5.303s] -- Installing: /home/dfg/Documents/town_ws/install/village_interfaces/lib/libvillage_interfaces__rosidl_generator_c.so
[5.303s] -- Set runtime path of "/home/dfg/Documents/town_ws/install/village_interfaces/lib/libvillage_interfaces__rosidl_generator_c.so" to ""
[5.303s] -- Up-to-date: /home/dfg/Documents/town_ws/install/village_interfaces/include/village_interfaces
[5.304s] -- Up-to-date: /home/dfg/Documents/town_ws/install/village_interfaces/include/village_interfaces/srv
[5.304s] -- Up-to-date: /home/dfg/Documents/town_ws/install/village_interfaces/include/village_interfaces/srv/detail
[5.305s] -- Installing: /home/dfg/Documents/town_ws/install/village_interfaces/include/village_interfaces/srv/detail/borrow_money__rosidl_typesupport_fastrtps_c.h
[5.305s] -- Installing: /home/dfg/Documents/town_ws/install/village_interfaces/include/village_interfaces/srv/detail/sell_novel__rosidl_typesupport_fastrtps_c.h
[5.307s] -- Up-to-date: /home/dfg/Documents/town_ws/install/village_interfaces/include/village_interfaces/msg
[5.308s] -- Installing: /home/dfg/Documents/town_ws/install/village_interfaces/include/village_interfaces/msg/rosidl_typesupport_fastrtps_c__visibility_control.h
[5.309s] -- Up-to-date: /home/dfg/Documents/town_ws/install/village_interfaces/include/village_interfaces/msg/detail
[5.309s] -- Installing: /home/dfg/Documents/town_ws/install/village_interfaces/include/village_interfaces/msg/detail/novel__rosidl_typesupport_fastrtps_c.h
[5.309s] -- Installing: /home/dfg/Documents/town_ws/install/village_interfaces/lib/libvillage_interfaces__rosidl_typesupport_fastrtps_c.so
[5.310s] -- Set runtime path of "/home/dfg/Documents/town_ws/install/village_interfaces/lib/libvillage_interfaces__rosidl_typesupport_fastrtps_c.so" to ""
[5.310s] -- Up-to-date: /home/dfg/Documents/town_ws/install/village_interfaces/include/village_interfaces
[5.311s] -- Up-to-date: /home/dfg/Documents/town_ws/install/village_interfaces/include/village_interfaces/srv
[5.311s] -- Up-to-date: /home/dfg/Documents/town_ws/install/village_interfaces/include/village_interfaces/srv/detail
[5.311s] -- Installing: /home/dfg/Documents/town_ws/install/village_interfaces/include/village_interfaces/srv/detail/dds_fastrtps
[5.311s] -- Installing: /home/dfg/Documents/town_ws/install/village_interfaces/include/village_interfaces/srv/detail/borrow_money__rosidl_typesupport_fastrtps_cpp.hpp
[5.312s] -- Installing: /home/dfg/Documents/town_ws/install/village_interfaces/include/village_interfaces/srv/detail/sell_novel__rosidl_typesupport_fastrtps_cpp.hpp
[5.312s] -- Up-to-date: /home/dfg/Documents/town_ws/install/village_interfaces/include/village_interfaces/msg
[5.312s] -- Installing: /home/dfg/Documents/town_ws/install/village_interfaces/include/village_interfaces/msg/rosidl_typesupport_fastrtps_cpp__visibility_control.h
[5.312s] -- Up-to-date: /home/dfg/Documents/town_ws/install/village_interfaces/include/village_interfaces/msg/detail
[5.313s] -- Installing: /home/dfg/Documents/town_ws/install/village_interfaces/include/village_interfaces/msg/detail/dds_fastrtps
[5.313s] -- Installing: /home/dfg/Documents/town_ws/install/village_interfaces/include/village_interfaces/msg/detail/novel__rosidl_typesupport_fastrtps_cpp.hpp
[5.313s] -- Installing: /home/dfg/Documents/town_ws/install/village_interfaces/lib/libvillage_interfaces__rosidl_typesupport_fastrtps_cpp.so
[5.313s] -- Set runtime path of "/home/dfg/Documents/town_ws/install/village_interfaces/lib/libvillage_interfaces__rosidl_typesupport_fastrtps_cpp.so" to ""
[5.314s] -- Up-to-date: /home/dfg/Documents/town_ws/install/village_interfaces/include/village_interfaces
[5.314s] -- Up-to-date: /home/dfg/Documents/town_ws/install/village_interfaces/include/village_interfaces/srv
[5.314s] -- Up-to-date: /home/dfg/Documents/town_ws/install/village_interfaces/include/village_interfaces/srv/detail
[5.314s] -- Installing: /home/dfg/Documents/town_ws/install/village_interfaces/include/village_interfaces/srv/detail/sell_novel__type_support.c
[5.315s] -- Installing: /home/dfg/Documents/town_ws/install/village_interfaces/include/village_interfaces/srv/detail/borrow_money__type_support.c
[5.315s] -- Installing: /home/dfg/Documents/town_ws/install/village_interfaces/include/village_interfaces/srv/detail/borrow_money__rosidl_typesupport_introspection_c.h
[5.315s] -- Installing: /home/dfg/Documents/town_ws/install/village_interfaces/include/village_interfaces/srv/detail/sell_novel__rosidl_typesupport_introspection_c.h
[5.315s] -- Up-to-date: /home/dfg/Documents/town_ws/install/village_interfaces/include/village_interfaces/msg
[5.315s] -- Up-to-date: /home/dfg/Documents/town_ws/install/village_interfaces/include/village_interfaces/msg/detail
[5.316s] -- Installing: /home/dfg/Documents/town_ws/install/village_interfaces/include/village_interfaces/msg/detail/novel__rosidl_typesupport_introspection_c.h
[5.316s] -- Installing: /home/dfg/Documents/town_ws/install/village_interfaces/include/village_interfaces/msg/detail/novel__type_support.c
[5.316s] -- Installing: /home/dfg/Documents/town_ws/install/village_interfaces/include/village_interfaces/msg/rosidl_typesupport_introspection_c__visibility_control.h
[5.316s] -- Installing: /home/dfg/Documents/town_ws/install/village_interfaces/lib/libvillage_interfaces__rosidl_typesupport_introspection_c.so
[5.316s] -- Set runtime path of "/home/dfg/Documents/town_ws/install/village_interfaces/lib/libvillage_interfaces__rosidl_typesupport_introspection_c.so" to ""
[5.317s] -- Installing: /home/dfg/Documents/town_ws/install/village_interfaces/lib/libvillage_interfaces__rosidl_typesupport_c.so
[5.317s] -- Set runtime path of "/home/dfg/Documents/town_ws/install/village_interfaces/lib/libvillage_interfaces__rosidl_typesupport_c.so" to ""
[5.317s] -- Up-to-date: /home/dfg/Documents/town_ws/install/village_interfaces/include/village_interfaces
[5.318s] -- Up-to-date: /home/dfg/Documents/town_ws/install/village_interfaces/include/village_interfaces/srv
[5.318s] -- Installing: /home/dfg/Documents/town_ws/install/village_interfaces/include/village_interfaces/srv/sell_novel.hpp
[5.319s] -- Installing: /home/dfg/Documents/town_ws/install/village_interfaces/include/village_interfaces/srv/borrow_money.hpp
[5.319s] -- Up-to-date: /home/dfg/Documents/town_ws/install/village_interfaces/include/village_interfaces/srv/detail
[5.319s] -- Installing: /home/dfg/Documents/town_ws/install/village_interfaces/include/village_interfaces/srv/detail/borrow_money__traits.hpp
[5.319s] -- Installing: /home/dfg/Documents/town_ws/install/village_interfaces/include/village_interfaces/srv/detail/sell_novel__struct.hpp
[5.319s] -- Installing: /home/dfg/Documents/town_ws/install/village_interfaces/include/village_interfaces/srv/detail/sell_novel__traits.hpp
[5.319s] -- Installing: /home/dfg/Documents/town_ws/install/village_interfaces/include/village_interfaces/srv/detail/sell_novel__builder.hpp
[5.319s] -- Installing: /home/dfg/Documents/town_ws/install/village_interfaces/include/village_interfaces/srv/detail/borrow_money__builder.hpp
[5.320s] -- Installing: /home/dfg/Documents/town_ws/install/village_interfaces/include/village_interfaces/srv/detail/borrow_money__struct.hpp
[5.320s] -- Up-to-date: /home/dfg/Documents/town_ws/install/village_interfaces/include/village_interfaces/msg
[5.320s] -- Installing: /home/dfg/Documents/town_ws/install/village_interfaces/include/village_interfaces/msg/novel.hpp
[5.320s] -- Up-to-date: /home/dfg/Documents/town_ws/install/village_interfaces/include/village_interfaces/msg/detail
[5.320s] -- Installing: /home/dfg/Documents/town_ws/install/village_interfaces/include/village_interfaces/msg/detail/novel__traits.hpp
[5.320s] -- Installing: /home/dfg/Documents/town_ws/install/village_interfaces/include/village_interfaces/msg/detail/novel__struct.hpp
[5.321s] -- Installing: /home/dfg/Documents/town_ws/install/village_interfaces/include/village_interfaces/msg/detail/novel__builder.hpp
[5.321s] -- Up-to-date: /home/dfg/Documents/town_ws/install/village_interfaces/include/village_interfaces
[5.321s] -- Up-to-date: /home/dfg/Documents/town_ws/install/village_interfaces/include/village_interfaces/srv
[5.321s] -- Up-to-date: /home/dfg/Documents/town_ws/install/village_interfaces/include/village_interfaces/srv/detail
[5.321s] -- Installing: /home/dfg/Documents/town_ws/install/village_interfaces/include/village_interfaces/srv/detail/sell_novel__rosidl_typesupport_introspection_cpp.hpp
[5.322s] -- Installing: /home/dfg/Documents/town_ws/install/village_interfaces/include/village_interfaces/srv/detail/sell_novel__type_support.cpp
[5.322s] -- Installing: /home/dfg/Documents/town_ws/install/village_interfaces/include/village_interfaces/srv/detail/borrow_money__rosidl_typesupport_introspection_cpp.hpp
[5.322s] -- Installing: /home/dfg/Documents/town_ws/install/village_interfaces/include/village_interfaces/srv/detail/borrow_money__type_support.cpp
[5.322s] -- Up-to-date: /home/dfg/Documents/town_ws/install/village_interfaces/include/village_interfaces/msg
[5.322s] -- Up-to-date: /home/dfg/Documents/town_ws/install/village_interfaces/include/village_interfaces/msg/detail
[5.322s] -- Installing: /home/dfg/Documents/town_ws/install/village_interfaces/include/village_interfaces/msg/detail/novel__rosidl_typesupport_introspection_cpp.hpp
[5.322s] -- Installing: /home/dfg/Documents/town_ws/install/village_interfaces/include/village_interfaces/msg/detail/novel__type_support.cpp
[5.323s] -- Installing: /home/dfg/Documents/town_ws/install/village_interfaces/lib/libvillage_interfaces__rosidl_typesupport_introspection_cpp.so
[5.323s] -- Set runtime path of "/home/dfg/Documents/town_ws/install/village_interfaces/lib/libvillage_interfaces__rosidl_typesupport_introspection_cpp.so" to ""
[5.323s] -- Installing: /home/dfg/Documents/town_ws/install/village_interfaces/lib/libvillage_interfaces__rosidl_typesupport_cpp.so
[5.323s] -- Set runtime path of "/home/dfg/Documents/town_ws/install/village_interfaces/lib/libvillage_interfaces__rosidl_typesupport_cpp.so" to ""
[5.323s] -- Installing: /home/dfg/Documents/town_ws/install/village_interfaces/share/village_interfaces/environment/pythonpath.sh
[5.323s] -- Installing: /home/dfg/Documents/town_ws/install/village_interfaces/share/village_interfaces/environment/pythonpath.dsv
[5.324s] -- Installing: /home/dfg/Documents/town_ws/install/village_interfaces/lib/python3.8/site-packages/village_interfaces/__init__.py
[5.361s] Compiling '/home/dfg/Documents/town_ws/install/village_interfaces/lib/python3.8/site-packages/village_interfaces/__init__.py'...
[5.366s] -- Installing: /home/dfg/Documents/town_ws/install/village_interfaces/lib/python3.8/site-packages/village_interfaces/msg
[5.366s] -- Installing: /home/dfg/Documents/town_ws/install/village_interfaces/lib/python3.8/site-packages/village_interfaces/msg/__init__.py
[5.366s] -- Installing: /home/dfg/Documents/town_ws/install/village_interfaces/lib/python3.8/site-packages/village_interfaces/msg/_novel_s.c
[5.367s] -- Installing: /home/dfg/Documents/town_ws/install/village_interfaces/lib/python3.8/site-packages/village_interfaces/msg/_novel.py
[5.367s] -- Installing: /home/dfg/Documents/town_ws/install/village_interfaces/lib/python3.8/site-packages/village_interfaces/srv
[5.367s] -- Installing: /home/dfg/Documents/town_ws/install/village_interfaces/lib/python3.8/site-packages/village_interfaces/srv/_sell_novel.py
[5.368s] -- Installing: /home/dfg/Documents/town_ws/install/village_interfaces/lib/python3.8/site-packages/village_interfaces/srv/__init__.py
[5.368s] -- Installing: /home/dfg/Documents/town_ws/install/village_interfaces/lib/python3.8/site-packages/village_interfaces/srv/_sell_novel_s.c
[5.368s] -- Installing: /home/dfg/Documents/town_ws/install/village_interfaces/lib/python3.8/site-packages/village_interfaces/srv/_borrow_money.py
[5.368s] -- Installing: /home/dfg/Documents/town_ws/install/village_interfaces/lib/python3.8/site-packages/village_interfaces/srv/_borrow_money_s.c
[5.368s] -- Installing: /home/dfg/Documents/town_ws/install/village_interfaces/lib/python3.8/site-packages/village_interfaces/village_interfaces_s__rosidl_typesupport_fastrtps_c.cpython-38-x86_64-linux-gnu.so
[5.368s] -- Set runtime path of "/home/dfg/Documents/town_ws/install/village_interfaces/lib/python3.8/site-packages/village_interfaces/village_interfaces_s__rosidl_typesupport_fastrtps_c.cpython-38-x86_64-linux-gnu.so" to ""
[5.369s] -- Installing: /home/dfg/Documents/town_ws/install/village_interfaces/lib/python3.8/site-packages/village_interfaces/village_interfaces_s__rosidl_typesupport_introspection_c.cpython-38-x86_64-linux-gnu.so
[5.369s] -- Set runtime path of "/home/dfg/Documents/town_ws/install/village_interfaces/lib/python3.8/site-packages/village_interfaces/village_interfaces_s__rosidl_typesupport_introspection_c.cpython-38-x86_64-linux-gnu.so" to ""
[5.369s] -- Installing: /home/dfg/Documents/town_ws/install/village_interfaces/lib/python3.8/site-packages/village_interfaces/village_interfaces_s__rosidl_typesupport_c.cpython-38-x86_64-linux-gnu.so
[5.369s] -- Set runtime path of "/home/dfg/Documents/town_ws/install/village_interfaces/lib/python3.8/site-packages/village_interfaces/village_interfaces_s__rosidl_typesupport_c.cpython-38-x86_64-linux-gnu.so" to ""
[5.370s] -- Installing: /home/dfg/Documents/town_ws/install/village_interfaces/lib/libvillage_interfaces__python.so
[5.370s] -- Set runtime path of "/home/dfg/Documents/town_ws/install/village_interfaces/lib/libvillage_interfaces__python.so" to ""
[5.370s] -- Installing: /home/dfg/Documents/town_ws/install/village_interfaces/share/village_interfaces/msg/Novel.idl
[5.370s] -- Installing: /home/dfg/Documents/town_ws/install/village_interfaces/share/village_interfaces/srv/BorrowMoney.idl
[5.371s] -- Installing: /home/dfg/Documents/town_ws/install/village_interfaces/share/village_interfaces/srv/SellNovel.idl
[5.371s] -- Installing: /home/dfg/Documents/town_ws/install/village_interfaces/share/village_interfaces/msg/Novel.msg
[5.371s] -- Installing: /home/dfg/Documents/town_ws/install/village_interfaces/share/village_interfaces/srv/BorrowMoney.srv
[5.371s] -- Installing: /home/dfg/Documents/town_ws/install/village_interfaces/share/village_interfaces/srv/BorrowMoney_Request.msg
[5.371s] -- Installing: /home/dfg/Documents/town_ws/install/village_interfaces/share/village_interfaces/srv/BorrowMoney_Response.msg
[5.371s] -- Installing: /home/dfg/Documents/town_ws/install/village_interfaces/share/village_interfaces/srv/SellNovel.srv
[5.372s] -- Installing: /home/dfg/Documents/town_ws/install/village_interfaces/share/village_interfaces/srv/SellNovel_Request.msg
[5.372s] -- Installing: /home/dfg/Documents/town_ws/install/village_interfaces/share/village_interfaces/srv/SellNovel_Response.msg
[5.372s] -- Installing: /home/dfg/Documents/town_ws/install/village_interfaces/share/ament_index/resource_index/package_run_dependencies/village_interfaces
[5.372s] -- Installing: /home/dfg/Documents/town_ws/install/village_interfaces/share/ament_index/resource_index/parent_prefix_path/village_interfaces
[5.372s] -- Installing: /home/dfg/Documents/town_ws/install/village_interfaces/share/village_interfaces/environment/ament_prefix_path.sh
[5.372s] -- Installing: /home/dfg/Documents/town_ws/install/village_interfaces/share/village_interfaces/environment/ament_prefix_path.dsv
[5.372s] -- Installing: /home/dfg/Documents/town_ws/install/village_interfaces/share/village_interfaces/environment/path.sh
[5.373s] -- Installing: /home/dfg/Documents/town_ws/install/village_interfaces/share/village_interfaces/environment/path.dsv
[5.373s] -- Installing: /home/dfg/Documents/town_ws/install/village_interfaces/share/village_interfaces/local_setup.bash
[5.373s] -- Installing: /home/dfg/Documents/town_ws/install/village_interfaces/share/village_interfaces/local_setup.sh
[5.373s] -- Installing: /home/dfg/Documents/town_ws/install/village_interfaces/share/village_interfaces/local_setup.zsh
[5.373s] -- Installing: /home/dfg/Documents/town_ws/install/village_interfaces/share/village_interfaces/local_setup.dsv
[5.373s] -- Installing: /home/dfg/Documents/town_ws/install/village_interfaces/share/village_interfaces/package.dsv
[5.373s] -- Installing: /home/dfg/Documents/town_ws/install/village_interfaces/share/ament_index/resource_index/packages/village_interfaces
[5.373s] -- Installing: /home/dfg/Documents/town_ws/install/village_interfaces/share/village_interfaces/cmake/village_interfaces__rosidl_generator_cExport.cmake
[5.374s] -- Installing: /home/dfg/Documents/town_ws/install/village_interfaces/share/village_interfaces/cmake/village_interfaces__rosidl_generator_cExport-noconfig.cmake
[5.374s] -- Installing: /home/dfg/Documents/town_ws/install/village_interfaces/share/village_interfaces/cmake/village_interfaces__rosidl_typesupport_introspection_cExport.cmake
[5.375s] -- Installing: /home/dfg/Documents/town_ws/install/village_interfaces/share/village_interfaces/cmake/village_interfaces__rosidl_typesupport_introspection_cExport-noconfig.cmake
[5.375s] -- Installing: /home/dfg/Documents/town_ws/install/village_interfaces/share/village_interfaces/cmake/village_interfaces__rosidl_typesupport_cExport.cmake
[5.376s] -- Installing: /home/dfg/Documents/town_ws/install/village_interfaces/share/village_interfaces/cmake/village_interfaces__rosidl_typesupport_cExport-noconfig.cmake
[5.377s] -- Installing: /home/dfg/Documents/town_ws/install/village_interfaces/share/village_interfaces/cmake/village_interfaces__rosidl_generator_cppExport.cmake
[5.377s] -- Installing: /home/dfg/Documents/town_ws/install/village_interfaces/share/village_interfaces/cmake/village_interfaces__rosidl_typesupport_introspection_cppExport.cmake
[5.377s] -- Installing: /home/dfg/Documents/town_ws/install/village_interfaces/share/village_interfaces/cmake/village_interfaces__rosidl_typesupport_introspection_cppExport-noconfig.cmake
[5.378s] -- Installing: /home/dfg/Documents/town_ws/install/village_interfaces/share/village_interfaces/cmake/village_interfaces__rosidl_typesupport_cppExport.cmake
[5.378s] -- Installing: /home/dfg/Documents/town_ws/install/village_interfaces/share/village_interfaces/cmake/village_interfaces__rosidl_typesupport_cppExport-noconfig.cmake
[5.378s] -- Installing: /home/dfg/Documents/town_ws/install/village_interfaces/share/village_interfaces/cmake/rosidl_cmake-extras.cmake
[5.378s] -- Installing: /home/dfg/Documents/town_ws/install/village_interfaces/share/village_interfaces/cmake/ament_cmake_export_dependencies-extras.cmake
[5.379s] -- Installing: /home/dfg/Documents/town_ws/install/village_interfaces/share/village_interfaces/cmake/ament_cmake_export_libraries-extras.cmake
[5.379s] -- Installing: /home/dfg/Documents/town_ws/install/village_interfaces/share/village_interfaces/cmake/ament_cmake_export_targets-extras.cmake
[5.379s] -- Installing: /home/dfg/Documents/town_ws/install/village_interfaces/share/village_interfaces/cmake/ament_cmake_export_include_directories-extras.cmake
[5.379s] -- Installing: /home/dfg/Documents/town_ws/install/village_interfaces/share/village_interfaces/cmake/rosidl_cmake_export_typesupport_libraries-extras.cmake
[5.381s] -- Installing: /home/dfg/Documents/town_ws/install/village_interfaces/share/village_interfaces/cmake/rosidl_cmake_export_typesupport_targets-extras.cmake
[5.381s] -- Installing: /home/dfg/Documents/town_ws/install/village_interfaces/share/village_interfaces/cmake/village_interfacesConfig.cmake
[5.381s] -- Installing: /home/dfg/Documents/town_ws/install/village_interfaces/share/village_interfaces/cmake/village_interfacesConfig-version.cmake
[5.382s] -- Installing: /home/dfg/Documents/town_ws/install/village_interfaces/share/village_interfaces/package.xml
[5.383s] Invoked command in '/home/dfg/Documents/town_ws/build/village_interfaces' returned '0': CMAKE_PREFIX_PATH=/opt/ros/foxy /usr/bin/cmake --install /home/dfg/Documents/town_ws/build/village_interfaces
